<?xml version="1.0" encoding="UTF-8"?>
<!-- Generated by org.testng.reporters.JUnitXMLReporter -->
<testsuite ignored="0" hostname="LAPTOP-I0G0DV6M" failures="1" tests="1" name="Polict Creation" time="187.785" errors="0" timestamp="2022-01-12T13:09:39 IST">
  <testcase classname="testDrivers.TestDriver" name="tDriver" time="187.749">
    <failure type="java.lang.AssertionError" message="expected [P] but found [E]">
      <![CDATA[java.lang.AssertionError: expected [P] but found [E]
at testDrivers.TestDriver.tDriver(TestDriver.java:194)
at java.base/java.util.ArrayList.forEach(ArrayList.java:1511)
... Removed 33 stack frames]]>
    </failure>
  </testcase> <!-- tDriver -->
</testsuite> <!-- Polict Creation -->
