<?xml version="1.0" encoding="UTF-8"?>
<testng-results ignored="0" total="1" passed="0" failed="1" skipped="0">
  <reporter-output>
  </reporter-output>
  <suite started-at="2022-01-12T13:06:31 IST" name="GI Web App Automation" finished-at="2022-01-12T13:09:39 IST" duration-ms="187785">
    <groups>
    </groups>
    <test started-at="2022-01-12T13:06:31 IST" name="Polict Creation" finished-at="2022-01-12T13:09:39 IST" duration-ms="187785">
      <class name="testDrivers.TestDriver">
        <test-method is-config="true" signature="beforeSuite()[pri:0, instance:testDrivers.TestDriver@4567f35d]" started-at="2022-01-12T13:06:31 IST" name="beforeSuite" finished-at="2022-01-12T13:06:31 IST" duration-ms="203" status="PASS">
          <reporter-output>
          </reporter-output>
        </test-method> <!-- beforeSuite -->
        <test-method signature="tDriver(java.lang.String,java.lang.String,java.lang.String)[pri:0, instance:testDrivers.TestDriver@4567f35d]" started-at="2022-01-12T13:06:31 IST" name="tDriver" finished-at="2022-01-12T13:09:39 IST" duration-ms="187749" status="FAIL">
          <params>
            <param index="0">
              <value>
                <![CDATA[newpol_001]]>
              </value>
            </param>
            <param index="1">
              <value>
                <![CDATA[PolicyConfig]]>
              </value>
            </param>
            <param index="2">
              <value>
                <![CDATA[NewPolicy]]>
              </value>
            </param>
          </params>
          <exception class="java.lang.AssertionError">
            <message>
              <![CDATA[expected [P] but found [E]]]>
            </message>
            <full-stacktrace>
              <![CDATA[java.lang.AssertionError: expected [P] but found [E]
at org.testng.Assert.fail(Assert.java:99)
at org.testng.Assert.failNotEquals(Assert.java:1037)
at org.testng.Assert.assertEqualsImpl(Assert.java:140)
at org.testng.Assert.assertEquals(Assert.java:122)
at org.testng.Assert.assertEquals(Assert.java:629)
at org.testng.Assert.assertEquals(Assert.java:639)
at testDrivers.TestDriver.tDriver(TestDriver.java:194)
at java.base/jdk.internal.reflect.NativeMethodAccessorImpl.invoke0(Native Method)
at java.base/jdk.internal.reflect.NativeMethodAccessorImpl.invoke(NativeMethodAccessorImpl.java:64)
at java.base/jdk.internal.reflect.DelegatingMethodAccessorImpl.invoke(DelegatingMethodAccessorImpl.java:43)
at java.base/java.lang.reflect.Method.invoke(Method.java:564)
at org.testng.internal.MethodInvocationHelper.invokeMethod(MethodInvocationHelper.java:133)
at org.testng.internal.TestInvoker.invokeMethod(TestInvoker.java:598)
at org.testng.internal.TestInvoker.invokeTestMethod(TestInvoker.java:173)
at org.testng.internal.MethodRunner.runInSequence(MethodRunner.java:46)
at org.testng.internal.TestInvoker$MethodInvocationAgent.invoke(TestInvoker.java:824)
at org.testng.internal.TestInvoker.invokeTestMethods(TestInvoker.java:146)
at org.testng.internal.TestMethodWorker.invokeTestMethods(TestMethodWorker.java:146)
at org.testng.internal.TestMethodWorker.run(TestMethodWorker.java:128)
at java.base/java.util.ArrayList.forEach(ArrayList.java:1511)
at org.testng.TestRunner.privateRun(TestRunner.java:794)
at org.testng.TestRunner.run(TestRunner.java:596)
at org.testng.SuiteRunner.runTest(SuiteRunner.java:377)
at org.testng.SuiteRunner.runSequentially(SuiteRunner.java:371)
at org.testng.SuiteRunner.privateRun(SuiteRunner.java:332)
at org.testng.SuiteRunner.run(SuiteRunner.java:276)
at org.testng.SuiteRunnerWorker.runSuite(SuiteRunnerWorker.java:53)
at org.testng.SuiteRunnerWorker.run(SuiteRunnerWorker.java:96)
at org.testng.TestNG.runSuitesSequentially(TestNG.java:1212)
at org.testng.TestNG.runSuitesLocally(TestNG.java:1134)
at org.testng.TestNG.runSuites(TestNG.java:1063)
at org.testng.TestNG.run(TestNG.java:1031)
at org.testng.remote.AbstractRemoteTestNG.run(AbstractRemoteTestNG.java:115)
at org.testng.remote.RemoteTestNG.initAndRun(RemoteTestNG.java:251)
at org.testng.remote.RemoteTestNG.main(RemoteTestNG.java:77)
]]>
            </full-stacktrace>
          </exception> <!-- java.lang.AssertionError -->
          <reporter-output>
          </reporter-output>
        </test-method> <!-- tDriver -->
        <test-method is-config="true" signature="endReport()[pri:0, instance:testDrivers.TestDriver@4567f35d]" started-at="2022-01-12T13:09:39 IST" name="endReport" finished-at="2022-01-12T13:09:40 IST" duration-ms="370" status="PASS">
          <reporter-output>
          </reporter-output>
        </test-method> <!-- endReport -->
      </class> <!-- testDrivers.TestDriver -->
    </test> <!-- Polict Creation -->
  </suite> <!-- GI Web App Automation -->
</testng-results>
